<?xml version="1.0" encoding="UTF-8"?>
<testng-results skipped="0" failed="0" total="1" passed="1">
  <reporter-output>
  </reporter-output>
  <suite name="Default suite" duration-ms="52541" started-at="2017-09-21T01:26:56Z" finished-at="2017-09-21T01:27:48Z">
    <groups>
    </groups>
    <test name="Default test" duration-ms="52541" started-at="2017-09-21T01:26:56Z" finished-at="2017-09-21T01:27:48Z">
      <class name="com.testing.Cliniops.DriverScriptTest">
        <test-method status="PASS" signature="Driver()[pri:0, instance:com.testing.Cliniops.DriverScriptTest@68be2bc2]" name="Driver" duration-ms="52520" started-at="2017-09-20T18:26:56Z" finished-at="2017-09-20T18:27:48Z">
          <reporter-output>
          </reporter-output>
        </test-method> <!-- Driver -->
      </class> <!-- com.testing.Cliniops.DriverScriptTest -->
    </test> <!-- Default test -->
  </suite> <!-- Default suite -->
</testng-results>
